<?xml version="1.0" encoding="UTF-8"?>
<testsuite xmlns:xsi="http://www.w3.org/2001/XMLSchema-instance" xsi:noNamespaceSchemaLocation="https://maven.apache.org/surefire/maven-surefire-plugin/xsd/surefire-test-report-3.0.xsd" version="3.0" name="TestActions" time="0.082" tests="2" errors="0" skipped="0" failures="0">
  <properties>
    <property name="java.specification.version" value="17"/>
    <property name="sun.cpu.isalist" value="amd64"/>
    <property name="sun.jnu.encoding" value="Cp1252"/>
    <property name="java.class.path" value="C:\projekt\ServerProgram\Del2\Inl채mningar\CRM System\target\test-classes;C:\projekt\ServerProgram\Del2\Inl채mningar\CRM System\target\classes;C:\Users\fredr\.m2\repository\org\springframework\spring-context\5.3.28\spring-context-5.3.28.jar;C:\Users\fredr\.m2\repository\org\springframework\spring-aop\5.3.28\spring-aop-5.3.28.jar;C:\Users\fredr\.m2\repository\org\springframework\spring-beans\5.3.28\spring-beans-5.3.28.jar;C:\Users\fredr\.m2\repository\org\springframework\spring-expression\5.3.28\spring-expression-5.3.28.jar;C:\Users\fredr\.m2\repository\org\springframework\spring-core\5.3.28\spring-core-5.3.28.jar;C:\Users\fredr\.m2\repository\org\springframework\spring-jcl\5.3.28\spring-jcl-5.3.28.jar;C:\Users\fredr\.m2\repository\org\springframework\spring-jdbc\5.3.28\spring-jdbc-5.3.28.jar;C:\Users\fredr\.m2\repository\org\springframework\spring-tx\5.3.28\spring-tx-5.3.28.jar;C:\Users\fredr\.m2\repository\org\springframework\spring-orm\5.3.28\spring-orm-5.3.28.jar;C:\Users\fredr\.m2\repository\org\springframework\spring-test\5.3.28\spring-test-5.3.28.jar;C:\Users\fredr\.m2\repository\org\hibernate\hibernate-core\5.6.15.Final\hibernate-core-5.6.15.Final.jar;C:\Users\fredr\.m2\repository\org\jboss\logging\jboss-logging\3.4.3.Final\jboss-logging-3.4.3.Final.jar;C:\Users\fredr\.m2\repository\net\bytebuddy\byte-buddy\1.12.18\byte-buddy-1.12.18.jar;C:\Users\fredr\.m2\repository\antlr\antlr\2.7.7\antlr-2.7.7.jar;C:\Users\fredr\.m2\repository\org\jboss\spec\javax\transaction\jboss-transaction-api_1.2_spec\1.1.1.Final\jboss-transaction-api_1.2_spec-1.1.1.Final.jar;C:\Users\fredr\.m2\repository\org\jboss\jandex\2.4.2.Final\jandex-2.4.2.Final.jar;C:\Users\fredr\.m2\repository\com\fasterxml\classmate\1.5.1\classmate-1.5.1.jar;C:\Users\fredr\.m2\repository\javax\activation\javax.activation-api\1.2.0\javax.activation-api-1.2.0.jar;C:\Users\fredr\.m2\repository\org\hibernate\common\hibernate-commons-annotations\5.1.2.Final\hibernate-commons-annotations-5.1.2.Final.jar;C:\Users\fredr\.m2\repository\javax\xml\bind\jaxb-api\2.3.1\jaxb-api-2.3.1.jar;C:\Users\fredr\.m2\repository\org\glassfish\jaxb\jaxb-runtime\2.3.1\jaxb-runtime-2.3.1.jar;C:\Users\fredr\.m2\repository\org\glassfish\jaxb\txw2\2.3.1\txw2-2.3.1.jar;C:\Users\fredr\.m2\repository\com\sun\istack\istack-commons-runtime\3.0.7\istack-commons-runtime-3.0.7.jar;C:\Users\fredr\.m2\repository\org\jvnet\staxex\stax-ex\1.8\stax-ex-1.8.jar;C:\Users\fredr\.m2\repository\com\sun\xml\fastinfoset\FastInfoset\1.2.15\FastInfoset-1.2.15.jar;C:\Users\fredr\.m2\repository\org\hibernate\hibernate-ehcache\5.6.15.Final\hibernate-ehcache-5.6.15.Final.jar;C:\Users\fredr\.m2\repository\net\sf\ehcache\ehcache\2.10.6\ehcache-2.10.6.jar;C:\Users\fredr\.m2\repository\org\slf4j\slf4j-api\1.7.25\slf4j-api-1.7.25.jar;C:\Users\fredr\.m2\repository\javax\annotation\javax.annotation-api\1.3.2\javax.annotation-api-1.3.2.jar;C:\Users\fredr\.m2\repository\javax\persistence\javax.persistence-api\2.2\javax.persistence-api-2.2.jar;C:\Users\fredr\.m2\repository\org\apache\logging\log4j\log4j-api\2.20.0\log4j-api-2.20.0.jar;C:\Users\fredr\.m2\repository\org\apache\logging\log4j\log4j-core\2.20.0\log4j-core-2.20.0.jar;C:\Users\fredr\.m2\repository\org\aspectj\aspectjweaver\1.9.19\aspectjweaver-1.9.19.jar;C:\Users\fredr\.m2\repository\org\aspectj\aspectjtools\1.9.19\aspectjtools-1.9.19.jar;C:\Users\fredr\.m2\repository\commons-dbcp\commons-dbcp\1.4\commons-dbcp-1.4.jar;C:\Users\fredr\.m2\repository\commons-pool\commons-pool\1.5.4\commons-pool-1.5.4.jar;C:\Users\fredr\.m2\repository\org\hsqldb\hsqldb\2.7.3\hsqldb-2.7.3.jar;C:\Users\fredr\.m2\repository\org\junit\jupiter\junit-jupiter-api\5.9.1\junit-jupiter-api-5.9.1.jar;C:\Users\fredr\.m2\repository\org\opentest4j\opentest4j\1.2.0\opentest4j-1.2.0.jar;C:\Users\fredr\.m2\repository\org\junit\platform\junit-platform-commons\1.9.1\junit-platform-commons-1.9.1.jar;C:\Users\fredr\.m2\repository\org\apiguardian\apiguardian-api\1.1.2\apiguardian-api-1.1.2.jar;C:\Users\fredr\.m2\repository\org\junit\jupiter\junit-jupiter-engine\5.9.1\junit-jupiter-engine-5.9.1.jar;C:\Users\fredr\.m2\repository\org\junit\platform\junit-platform-engine\1.9.1\junit-platform-engine-1.9.1.jar;"/>
    <property name="java.vm.vendor" value="Oracle Corporation"/>
    <property name="sun.arch.data.model" value="64"/>
    <property name="user.variant" value=""/>
    <property name="java.vendor.url" value="https://java.oracle.com/"/>
    <property name="user.timezone" value="Europe/Budapest"/>
    <property name="os.name" value="Windows 11"/>
    <property name="java.vm.specification.version" value="17"/>
    <property name="sun.java.launcher" value="SUN_STANDARD"/>
    <property name="user.country" value="SE"/>
    <property name="sun.boot.library.path" value="C:\Program Files\Java\jdk-17\bin"/>
    <property name="sun.java.command" value="C:\Users\fredr\AppData\Local\Temp\surefire4867590765156300857\surefirebooter-20250118221356625_3.jar C:\Users\fredr\AppData\Local\Temp\surefire4867590765156300857 2025-01-18T22-13-56_439-jvmRun1 surefire-20250118221356625_1tmp surefire_0-20250118221356625_2tmp"/>
    <property name="jdk.debug" value="release"/>
    <property name="surefire.test.class.path" value="C:\projekt\ServerProgram\Del2\Inl채mningar\CRM System\target\test-classes;C:\projekt\ServerProgram\Del2\Inl채mningar\CRM System\target\classes;C:\Users\fredr\.m2\repository\org\springframework\spring-context\5.3.28\spring-context-5.3.28.jar;C:\Users\fredr\.m2\repository\org\springframework\spring-aop\5.3.28\spring-aop-5.3.28.jar;C:\Users\fredr\.m2\repository\org\springframework\spring-beans\5.3.28\spring-beans-5.3.28.jar;C:\Users\fredr\.m2\repository\org\springframework\spring-expression\5.3.28\spring-expression-5.3.28.jar;C:\Users\fredr\.m2\repository\org\springframework\spring-core\5.3.28\spring-core-5.3.28.jar;C:\Users\fredr\.m2\repository\org\springframework\spring-jcl\5.3.28\spring-jcl-5.3.28.jar;C:\Users\fredr\.m2\repository\org\springframework\spring-jdbc\5.3.28\spring-jdbc-5.3.28.jar;C:\Users\fredr\.m2\repository\org\springframework\spring-tx\5.3.28\spring-tx-5.3.28.jar;C:\Users\fredr\.m2\repository\org\springframework\spring-orm\5.3.28\spring-orm-5.3.28.jar;C:\Users\fredr\.m2\repository\org\springframework\spring-test\5.3.28\spring-test-5.3.28.jar;C:\Users\fredr\.m2\repository\org\hibernate\hibernate-core\5.6.15.Final\hibernate-core-5.6.15.Final.jar;C:\Users\fredr\.m2\repository\org\jboss\logging\jboss-logging\3.4.3.Final\jboss-logging-3.4.3.Final.jar;C:\Users\fredr\.m2\repository\net\bytebuddy\byte-buddy\1.12.18\byte-buddy-1.12.18.jar;C:\Users\fredr\.m2\repository\antlr\antlr\2.7.7\antlr-2.7.7.jar;C:\Users\fredr\.m2\repository\org\jboss\spec\javax\transaction\jboss-transaction-api_1.2_spec\1.1.1.Final\jboss-transaction-api_1.2_spec-1.1.1.Final.jar;C:\Users\fredr\.m2\repository\org\jboss\jandex\2.4.2.Final\jandex-2.4.2.Final.jar;C:\Users\fredr\.m2\repository\com\fasterxml\classmate\1.5.1\classmate-1.5.1.jar;C:\Users\fredr\.m2\repository\javax\activation\javax.activation-api\1.2.0\javax.activation-api-1.2.0.jar;C:\Users\fredr\.m2\repository\org\hibernate\common\hibernate-commons-annotations\5.1.2.Final\hibernate-commons-annotations-5.1.2.Final.jar;C:\Users\fredr\.m2\repository\javax\xml\bind\jaxb-api\2.3.1\jaxb-api-2.3.1.jar;C:\Users\fredr\.m2\repository\org\glassfish\jaxb\jaxb-runtime\2.3.1\jaxb-runtime-2.3.1.jar;C:\Users\fredr\.m2\repository\org\glassfish\jaxb\txw2\2.3.1\txw2-2.3.1.jar;C:\Users\fredr\.m2\repository\com\sun\istack\istack-commons-runtime\3.0.7\istack-commons-runtime-3.0.7.jar;C:\Users\fredr\.m2\repository\org\jvnet\staxex\stax-ex\1.8\stax-ex-1.8.jar;C:\Users\fredr\.m2\repository\com\sun\xml\fastinfoset\FastInfoset\1.2.15\FastInfoset-1.2.15.jar;C:\Users\fredr\.m2\repository\org\hibernate\hibernate-ehcache\5.6.15.Final\hibernate-ehcache-5.6.15.Final.jar;C:\Users\fredr\.m2\repository\net\sf\ehcache\ehcache\2.10.6\ehcache-2.10.6.jar;C:\Users\fredr\.m2\repository\org\slf4j\slf4j-api\1.7.25\slf4j-api-1.7.25.jar;C:\Users\fredr\.m2\repository\javax\annotation\javax.annotation-api\1.3.2\javax.annotation-api-1.3.2.jar;C:\Users\fredr\.m2\repository\javax\persistence\javax.persistence-api\2.2\javax.persistence-api-2.2.jar;C:\Users\fredr\.m2\repository\org\apache\logging\log4j\log4j-api\2.20.0\log4j-api-2.20.0.jar;C:\Users\fredr\.m2\repository\org\apache\logging\log4j\log4j-core\2.20.0\log4j-core-2.20.0.jar;C:\Users\fredr\.m2\repository\org\aspectj\aspectjweaver\1.9.19\aspectjweaver-1.9.19.jar;C:\Users\fredr\.m2\repository\org\aspectj\aspectjtools\1.9.19\aspectjtools-1.9.19.jar;C:\Users\fredr\.m2\repository\commons-dbcp\commons-dbcp\1.4\commons-dbcp-1.4.jar;C:\Users\fredr\.m2\repository\commons-pool\commons-pool\1.5.4\commons-pool-1.5.4.jar;C:\Users\fredr\.m2\repository\org\hsqldb\hsqldb\2.7.3\hsqldb-2.7.3.jar;C:\Users\fredr\.m2\repository\org\junit\jupiter\junit-jupiter-api\5.9.1\junit-jupiter-api-5.9.1.jar;C:\Users\fredr\.m2\repository\org\opentest4j\opentest4j\1.2.0\opentest4j-1.2.0.jar;C:\Users\fredr\.m2\repository\org\junit\platform\junit-platform-commons\1.9.1\junit-platform-commons-1.9.1.jar;C:\Users\fredr\.m2\repository\org\apiguardian\apiguardian-api\1.1.2\apiguardian-api-1.1.2.jar;C:\Users\fredr\.m2\repository\org\junit\jupiter\junit-jupiter-engine\5.9.1\junit-jupiter-engine-5.9.1.jar;C:\Users\fredr\.m2\repository\org\junit\platform\junit-platform-engine\1.9.1\junit-platform-engine-1.9.1.jar;"/>
    <property name="sun.cpu.endian" value="little"/>
    <property name="user.home" value="C:\Users\fredr"/>
    <property name="user.language" value="sv"/>
    <property name="java.specification.vendor" value="Oracle Corporation"/>
    <property name="java.version.date" value="2024-01-16"/>
    <property name="java.home" value="C:\Program Files\Java\jdk-17"/>
    <property name="file.separator" value="\"/>
    <property name="basedir" value="C:\projekt\ServerProgram\Del2\Inl채mningar\CRM System"/>
    <property name="java.vm.compressedOopsMode" value="Zero based"/>
    <property name="line.separator" value="&#10;"/>
    <property name="java.vm.specification.vendor" value="Oracle Corporation"/>
    <property name="java.specification.name" value="Java Platform API Specification"/>
    <property name="surefire.real.class.path" value="C:\Users\fredr\AppData\Local\Temp\surefire4867590765156300857\surefirebooter-20250118221356625_3.jar"/>
    <property name="user.script" value=""/>
    <property name="sun.management.compiler" value="HotSpot 64-Bit Tiered Compilers"/>
    <property name="java.runtime.version" value="17.0.10+11-LTS-240"/>
    <property name="user.name" value="fredr"/>
    <property name="path.separator" value=";"/>
    <property name="os.version" value="10.0"/>
    <property name="java.runtime.name" value="Java(TM) SE Runtime Environment"/>
    <property name="file.encoding" value="Cp1252"/>
    <property name="java.vm.name" value="Java HotSpot(TM) 64-Bit Server VM"/>
    <property name="localRepository" value="C:\Users\fredr\.m2\repository"/>
    <property name="java.vendor.url.bug" value="https://bugreport.java.com/bugreport/"/>
    <property name="java.io.tmpdir" value="C:\Users\fredr\AppData\Local\Temp\"/>
    <property name="java.version" value="17.0.10"/>
    <property name="user.dir" value="C:\projekt\ServerProgram\Del2\Inl채mningar\CRM System"/>
    <property name="os.arch" value="amd64"/>
    <property name="java.vm.specification.name" value="Java Virtual Machine Specification"/>
    <property name="sun.os.patch.level" value=""/>
    <property name="native.encoding" value="Cp1252"/>
    <property name="java.library.path" value="C:\Program Files\Java\jdk-17\bin;C:\WINDOWS\Sun\Java\bin;C:\WINDOWS\system32;C:\WINDOWS;C:\Program Files\Common Files\Oracle\Java\javapath;C:\Program Files\SqlCmd\;C:\Program Files\Eclipse Adoptium\jdk-17.0.8.101-hotspot\bin;C:\WINDOWS\system32;C:\WINDOWS;C:\WINDOWS\System32\Wbem;C:\WINDOWS\System32\WindowsPowerShell\v1.0\;C:\WINDOWS\System32\OpenSSH\;C:\Program Files\Docker\Docker\resources\bin;C:\Program Files\Git\cmd;C:\Program Files\nodejs\;C:\Users\fredr\AppData\Local\Microsoft\WindowsApps;C:\Users\fredr\AppData\Local\Programs\Microsoft VS Code\bin;C:\Users\fredr\AppData\Local\Programs\Azure Data Studio\bin;C:\Gradle\gradle-8.5-bin\gradle-8.5\bin;C:\Program Files (x86)\apache-maven-3.9.6\bin;C:\Program Files\Eclipse Adoptium\jdk-17.0.8.101-hotspot\bin;C:\Users\fredr\AppData\Local\GitHubDesktop\bin;C:\Users\fredr\AppData\Roaming\npm;."/>
    <property name="java.vm.info" value="mixed mode, sharing"/>
    <property name="java.vendor" value="Oracle Corporation"/>
    <property name="java.vm.version" value="17.0.10+11-LTS-240"/>
    <property name="sun.io.unicode.encoding" value="UnicodeLittle"/>
    <property name="java.class.version" value="61.0"/>
  </properties>
  <testcase name="pastActionsAreOverdue" classname="TestActions" time="0.048"/>
  <testcase name="futureActionsAreNotOverdue" classname="TestActions" time="0.002"/>
</testsuite>